["\/vendor\/datto\/json-rpc-http\/examples\/client.php","2021-12-04 10:10"],
["\/vendor\/datto\/json-rpc-http\/examples\/client.php","2021-12-04 10:12"],
["\/vendor\/datto\/json-rpc-http\/examples\/client.php","2021-12-04 10:14"],
["\/vendor\/datto\/json-rpc-http\/examples\/client1.php","2021-12-04 11:10"],
["\/vendor\/datto\/json-rpc-http\/examples\/client1.php","2021-12-04 11:12"],
["\/vendor\/datto\/json-rpc-http\/examples\/client1.php","2021-12-04 11:14"],
["\/vendor\/datto\/json-rpc-http\/examples\/client1.php","2021-12-04 11:15"],
["\/vendor\/datto\/json-rpc-http\/examples\/client2.php","2021-12-04 12:10"],
["\/vendor\/datto\/json-rpc-http\/examples\/client2.php","2021-12-04 12:12"],
["\/vendor\/datto\/json-rpc-http\/examples\/client2.php","2021-12-04 12:14"],
["\/vendor\/datto\/json-rpc-http\/examples\/client2.php","2021-12-04 12:16"],
["\/vendor\/datto\/json-rpc-http\/examples\/client2.php","2021-12-04 12:18"],
["url0","date0"],
["url1","date1"],
["url2","date2"],
["url3","date3"],
["url4","date4"],
["url5","date5"],
["url6","date6"],
["url7","date7"],
["url8","date8"],
["url9","date9"],
["url10","date10"],
["url11","date11"],
["url12","date12"],
["url13","date13"],
["url14","date14"],
["url15","date15"],
["url16","date16"],
["url17","date17"],
["url18","date18"],
["url19","date19"],
["url20","date20"],
["url21","date21"],
["url22","date22"],
["url23","date23"],
["url24","date24"],
["url25","date25"],
["url26","date26"],
["url27","date27"],
["url28","date28"],
["url29","date29"],
["url30","date30"],
["url31","date31"],
["url32","date32"],
["url33","date33"],
["url34","date34"],
["url35","date35"],
["url36","date36"],
["url37","date37"],
["url38","date38"],
["url39","date39"],
["url40","date40"],
["url41","date41"],
["url42","date42"],
["url43","date43"],
["url44","date44"],
["url45","date45"],
["url46","date46"],
["url47","date47"],
["url48","date48"],
["url49","date49"],
["url50","date50"],
["url51","date51"],
["url52","date52"],
["url53","date53"],
["url54","date54"],
["url55","date55"],
["url56","date56"],
["url57","date57"],
["url58","date58"],
["url59","date59"],
["url60","date60"],
["url61","date61"],
["url62","date62"],
["url63","date63"],
["url64","date64"],
["url65","date65"],
["url66","date66"],
["url67","date67"],
["url68","date68"],
["url69","date69"],
["url70","date70"],
["url71","date71"],
["url72","date72"],
["url73","date73"],
["url74","date74"],
["url75","date75"],
["url76","date76"],
["url77","date77"],
["url78","date78"],
["url79","date79"],
["url80","date80"],
["url81","date81"],
["url82","date82"],
["url83","date83"],
["url84","date84"],
["url85","date85"],
["url86","date86"],
["url87","date87"],
["url88","date88"],
["url89","date89"],
["url90","date90"],
["url91","date91"],
["url92","date92"],
["url93","date93"],
["url94","date94"],
["url95","date95"],
["url96","date96"],
["url97","date97"],
["url98","date98"],
["url99","date99"],
["\/vendor\/datto\/json-rpc-http\/examples\/client.php","2021-12-04 17:07"],
["\/vendor\/datto\/json-rpc-http\/examples\/client.php","2021-12-04 17:12"],
["\/vendor\/datto\/json-rpc-http\/examples\/landing1.php","2021-12-04 17:18"],
["\/vendor\/datto\/json-rpc-http\/examples\/landing1.php","2021-12-04 17:22"],
["\/vendor\/datto\/json-rpc-http\/examples\/landing1.php","2021-12-04 17:22"],
["127.0.0.1\/vendor\/datto\/json-rpc-http\/examples\/landing1.php","2021-12-04 17:49"],
["127.0.0.1\/vendor\/datto\/json-rpc-http\/examples\/landing1.php","2021-12-04 17:54"],
["127.0.0.1\/vendor\/datto\/json-rpc-http\/examples\/landing1.php","2021-12-04 18:25"],
["127.0.0.1\/vendor\/datto\/json-rpc-http\/examples\/landing1.php","2021-12-05 09:46"],
["127.0.0.1\/vendor\/datto\/json-rpc-http\/examples\/landing2.php","2021-12-05 09:48"],
["127.0.0.1\/vendor\/datto\/json-rpc-http\/examples\/landing2.php","2021-12-05 10:05"],
["127.0.0.1\/vendor\/datto\/json-rpc-http\/examples\/landing1.php","2021-12-05 19:36"],
["127.0.0.1\/vendor\/datto\/json-rpc-http\/examples\/landing2.php","2021-12-05 19:36"],
["127.0.0.1\/vendor\/datto\/json-rpc-http\/examples\/landing3.php","2021-12-05 19:38"],
